2018-11-30 16:36:31 INFO  XmlRegister:21 - РЎРѕР·РґР°РЅ handler
2018-11-30 16:36:31 INFO  XmlRegister:29 - РЅРѕРІР°СЏ Р·Р°РґР°С‡Р° РґР»СЏ СѓРІРµРґРѕРјР»РµРЅРёСЏ СѓСЃС‚Р°РЅРѕРІР»РµРЅР°
2018-11-30 16:36:31 INFO  XmlRegister:22 - СЃРѕР·РґР°РЅ NoticeThread
2018-11-30 16:36:31 INFO  XmlRegister:33 - NoticeThread СЃС‚Р°СЂС‚СѓРµС‚ 
2018-11-30 16:36:34 INFO  XmlRegister:44 - Р—Р°РїСЂРѕСЃ СЃ РєРѕРґРѕРј 2
2018-11-30 16:36:38 INFO  XmlRegister:44 - Р—Р°РїСЂРѕСЃ СЃ РєРѕРґРѕРј 0
2018-11-30 16:36:38 ERROR XmlRegister:81 - Р—Р°РІРµСЂС€РµРЅРёРµ СЂР°Р±РѕС‚С‹ РїСЂРёР»РѕР¶РµРЅРёСЏ
2018-11-30 16:42:30 INFO  XmlRegister:21 - РЎРѕР·РґР°РЅ handler
2018-11-30 16:42:31 INFO  XmlRegister:29 - РЅРѕРІР°СЏ Р·Р°РґР°С‡Р° РґР»СЏ СѓРІРµРґРѕРјР»РµРЅРёСЏ СѓСЃС‚Р°РЅРѕРІР»РµРЅР°
2018-11-30 16:42:31 INFO  XmlRegister:22 - СЃРѕР·РґР°РЅ NoticeThread
2018-11-30 16:42:31 INFO  XmlRegister:33 - NoticeThread СЃС‚Р°СЂС‚СѓРµС‚ 
2018-11-30 16:42:33 INFO  XmlRegister:44 - Р—Р°РїСЂРѕСЃ СЃ РєРѕРґРѕРј 1
2018-11-30 16:50:50 INFO  XmlRegister:21 - РЎРѕР·РґР°РЅ handler
2018-11-30 16:50:50 INFO  XmlRegister:29 - РЅРѕРІР°СЏ Р·Р°РґР°С‡Р° РґР»СЏ СѓРІРµРґРѕРјР»РµРЅРёСЏ СѓСЃС‚Р°РЅРѕРІР»РµРЅР°
2018-11-30 16:50:50 INFO  XmlRegister:22 - СЃРѕР·РґР°РЅ NoticeThread
2018-11-30 16:50:50 INFO  XmlRegister:33 - NoticeThread СЃС‚Р°СЂС‚СѓРµС‚ 
2018-11-30 16:50:54 INFO  XmlRegister:44 - Р—Р°РїСЂРѕСЃ СЃ РєРѕРґРѕРј 1
2018-11-30 16:51:20 INFO  XmlRegister:48 - РџРѕР»СѓС‡РµРЅР° Р·Р°РґР°С‡Р° 3 РІР°РїРІР°Рї
2018-11-30 16:51:20 INFO  XmlRegister:53 - РґРѕР±Р°РІР»РµРЅР° Р·Р°РґР°С‡Р° 3
2018-11-30 16:51:22 INFO  XmlRegister:44 - Р—Р°РїСЂРѕСЃ СЃ РєРѕРґРѕРј 0
2018-11-30 16:51:22 ERROR XmlRegister:81 - Р—Р°РІРµСЂС€РµРЅРёРµ СЂР°Р±РѕС‚С‹ РїСЂРёР»РѕР¶РµРЅРёСЏ
2018-11-30 16:51:46 INFO  XmlRegister:21 - РЎРѕР·РґР°РЅ handler
2018-11-30 16:51:46 INFO  XmlRegister:22 - СЃРѕР·РґР°РЅ NoticeThread
2018-11-30 16:51:46 ERROR XmlRegister:36 - РџСѓСЃС‚Р°СЏ СЃСЃС‹Р»РєР° РІРјРµСЃС‚Рѕ Р°РєС‚СѓР°Р»СЊРЅРѕР№ Р·Р°РґР°С‡Рё
2018-11-30 16:51:46 INFO  XmlRegister:37 - NoticeThread РЅРµ СЃС‚Р°СЂС‚СѓРµС‚
2018-11-30 16:51:50 INFO  XmlRegister:44 - Р—Р°РїСЂРѕСЃ СЃ РєРѕРґРѕРј 2
2018-12-02 21:28:48 INFO  XmlRegister:21 - РЎРѕР·РґР°РЅ handler
2018-12-02 21:28:48 INFO  XmlRegister:29 - РЅРѕРІР°СЏ Р·Р°РґР°С‡Р° РґР»СЏ СѓРІРµРґРѕРјР»РµРЅРёСЏ СѓСЃС‚Р°РЅРѕРІР»РµРЅР°
2018-12-02 21:28:48 INFO  XmlRegister:22 - СЃРѕР·РґР°РЅ NoticeThread
2018-12-02 21:28:48 INFO  XmlRegister:33 - NoticeThread СЃС‚Р°СЂС‚СѓРµС‚ 
2018-12-02 21:34:01 INFO  XmlRegister:21 - РЎРѕР·РґР°РЅ handler
2018-12-02 21:34:01 INFO  XmlRegister:29 - РЅРѕРІР°СЏ Р·Р°РґР°С‡Р° РґР»СЏ СѓРІРµРґРѕРјР»РµРЅРёСЏ СѓСЃС‚Р°РЅРѕРІР»РµРЅР°
2018-12-02 21:34:01 INFO  XmlRegister:22 - СЃРѕР·РґР°РЅ NoticeThread
2018-12-02 21:34:01 INFO  XmlRegister:33 - NoticeThread СЃС‚Р°СЂС‚СѓРµС‚ 
2018-12-02 21:34:37 INFO  XmlRegister:21 - РЎРѕР·РґР°РЅ handler
2018-12-02 21:34:38 INFO  XmlRegister:29 - РЅРѕРІР°СЏ Р·Р°РґР°С‡Р° РґР»СЏ СѓРІРµРґРѕРјР»РµРЅРёСЏ СѓСЃС‚Р°РЅРѕРІР»РµРЅР°
2018-12-02 21:34:38 INFO  XmlRegister:22 - СЃРѕР·РґР°РЅ NoticeThread
2018-12-02 21:34:38 INFO  XmlRegister:33 - NoticeThread СЃС‚Р°СЂС‚СѓРµС‚ 
2018-12-02 21:40:57 INFO  XmlRegister:21 - РЎРѕР·РґР°РЅ handler
2018-12-02 21:40:57 INFO  XmlRegister:29 - РЅРѕРІР°СЏ Р·Р°РґР°С‡Р° РґР»СЏ СѓРІРµРґРѕРјР»РµРЅРёСЏ СѓСЃС‚Р°РЅРѕРІР»РµРЅР°
2018-12-02 21:40:57 INFO  XmlRegister:22 - СЃРѕР·РґР°РЅ NoticeThread
2018-12-02 21:40:57 INFO  XmlRegister:33 - NoticeThread СЃС‚Р°СЂС‚СѓРµС‚ 
2018-12-02 21:41:49 INFO  XmlRegister:21 - РЎРѕР·РґР°РЅ handler
2018-12-02 21:41:49 INFO  XmlRegister:29 - РЅРѕРІР°СЏ Р·Р°РґР°С‡Р° РґР»СЏ СѓРІРµРґРѕРјР»РµРЅРёСЏ СѓСЃС‚Р°РЅРѕРІР»РµРЅР°
2018-12-02 21:41:49 INFO  XmlRegister:22 - СЃРѕР·РґР°РЅ NoticeThread
2018-12-02 21:41:49 INFO  XmlRegister:33 - NoticeThread СЃС‚Р°СЂС‚СѓРµС‚ 
2018-12-02 22:14:51 INFO  XmlRegister:21 - РЎРѕР·РґР°РЅ handler
2018-12-02 22:16:27 INFO  XmlRegister:21 - РЎРѕР·РґР°РЅ handler
2018-12-02 22:30:32 INFO  XmlRegister:21 - РЎРѕР·РґР°РЅ handler
2018-12-02 22:31:07 INFO  XmlRegister:21 - РЎРѕР·РґР°РЅ handler
2018-12-02 22:32:06 INFO  XmlRegister:21 - РЎРѕР·РґР°РЅ handler
2018-12-02 22:38:06 INFO  XmlRegister:21 - РЎРѕР·РґР°РЅ handler
2018-12-02 22:40:37 INFO  XmlRegister:21 - РЎРѕР·РґР°РЅ handler
2018-12-02 22:50:30 INFO  XmlRegister:21 - РЎРѕР·РґР°РЅ handler
2018-12-02 23:12:14 INFO  XmlRegister:21 - РЎРѕР·РґР°РЅ handler
2018-12-02 23:13:09 FATAL XmlRegister:45 - РѕС€РёР±РєР° РїР°СЂСЃРёРЅРіР° xml
2018-12-02 23:13:10 ERROR XmlRegister:48 - РїСѓСЃС‚РѕР№ С„Р°Р№Р» 
2018-12-02 23:13:10 INFO  XmlRegister:21 - РЎРѕР·РґР°РЅ handler
2018-12-02 23:16:23 INFO  XmlRegister:21 - РЎРѕР·РґР°РЅ handler
2018-12-02 23:19:28 FATAL XmlRegister:45 - РѕС€РёР±РєР° РїР°СЂСЃРёРЅРіР° xml
2018-12-02 23:19:29 ERROR XmlRegister:48 - РїСѓСЃС‚РѕР№ С„Р°Р№Р» 
2018-12-02 23:19:29 INFO  XmlRegister:21 - РЎРѕР·РґР°РЅ handler
2018-12-02 23:19:29 FATAL XmlRegister:33 - РѕС€РёР±РєР° РїР°СЂСЃРёРЅРіР° xml
2018-12-02 23:27:04 FATAL XmlRegister:45 - РѕС€РёР±РєР° РїР°СЂСЃРёРЅРіР° xml
2018-12-02 23:27:04 ERROR XmlRegister:48 - РїСѓСЃС‚РѕР№ С„Р°Р№Р» 
2018-12-02 23:27:04 INFO  XmlRegister:21 - РЎРѕР·РґР°РЅ handler
2018-12-02 23:27:04 FATAL XmlRegister:33 - РѕС€РёР±РєР° РїР°СЂСЃРёРЅРіР° xml
2018-12-03 01:28:25 FATAL XmlRegister:45 - РѕС€РёР±РєР° РїР°СЂСЃРёРЅРіР° xml
2018-12-03 01:28:25 ERROR XmlRegister:48 - РїСѓСЃС‚РѕР№ С„Р°Р№Р» 
2018-12-03 01:28:25 INFO  XmlRegister:21 - РЎРѕР·РґР°РЅ handler
2018-12-03 01:28:25 FATAL XmlRegister:33 - РѕС€РёР±РєР° РїР°СЂСЃРёРЅРіР° xml
2018-12-03 01:28:34 FATAL XmlRegister:45 - РѕС€РёР±РєР° РїР°СЂСЃРёРЅРіР° xml
2018-12-03 01:28:34 ERROR XmlRegister:48 - РїСѓСЃС‚РѕР№ С„Р°Р№Р» 
2018-12-03 01:28:34 INFO  XmlRegister:21 - РЎРѕР·РґР°РЅ handler
2018-12-03 01:28:34 FATAL XmlRegister:33 - РѕС€РёР±РєР° РїР°СЂСЃРёРЅРіР° xml
2018-12-03 01:30:05 FATAL XmlRegister:45 - РѕС€РёР±РєР° РїР°СЂСЃРёРЅРіР° xml
2018-12-03 01:30:05 ERROR XmlRegister:48 - РїСѓСЃС‚РѕР№ С„Р°Р№Р» 
2018-12-03 01:30:05 FATAL XmlRegister:33 - РѕС€РёР±РєР° РїР°СЂСЃРёРЅРіР° xml
2018-12-03 16:29:19 INFO  XmlRegister:21 - РЎРѕР·РґР°РЅ handler
2018-12-03 16:29:23 INFO  XmlRegister:44 - Р—Р°РїСЂРѕСЃ СЃ РєРѕРґРѕРј 2
2018-12-03 16:29:29 INFO  XmlRegister:44 - Р—Р°РїСЂРѕСЃ СЃ РєРѕРґРѕРј 1
2018-12-03 16:29:49 INFO  XmlRegister:48 - РџРѕР»СѓС‡РµРЅР° Р·Р°РґР°С‡Р° 23 title
2018-12-03 16:29:49 INFO  XmlRegister:53 - Р”Р°С‚Р° СѓРІРµРґРѕРјР»РµРЅРёСЏ РёР·РјРµРЅРµРЅР° 
2018-12-03 16:29:49 INFO  XmlRegister:29 - РЅРѕРІР°СЏ Р·Р°РґР°С‡Р° РґР»СЏ СѓРІРµРґРѕРјР»РµРЅРёСЏ СѓСЃС‚Р°РЅРѕРІР»РµРЅР°
2018-12-03 16:29:49 INFO  XmlRegister:22 - СЃРѕР·РґР°РЅ NoticeThread
2018-12-03 16:29:49 INFO  XmlRegister:33 - NoticeThread СЃС‚Р°СЂС‚СѓРµС‚ 
2018-12-03 16:29:49 INFO  XmlRegister:53 - РґРѕР±Р°РІР»РµРЅР° Р·Р°РґР°С‡Р° 23
2018-12-03 16:29:51 INFO  XmlRegister:44 - Р—Р°РїСЂРѕСЃ СЃ РєРѕРґРѕРј 2
2018-12-03 16:29:54 INFO  XmlRegister:44 - Р—Р°РїСЂРѕСЃ СЃ РєРѕРґРѕРј 0
2018-12-03 16:29:54 ERROR XmlRegister:81 - Р—Р°РІРµСЂС€РµРЅРёРµ СЂР°Р±РѕС‚С‹ РїСЂРёР»РѕР¶РµРЅРёСЏ
2018-12-03 16:49:24 INFO  XmlRegister:21 - РЎРѕР·РґР°РЅ handler
2018-12-03 16:49:24 INFO  XmlRegister:29 - РЅРѕРІР°СЏ Р·Р°РґР°С‡Р° РґР»СЏ СѓРІРµРґРѕРјР»РµРЅРёСЏ СѓСЃС‚Р°РЅРѕРІР»РµРЅР°
2018-12-03 16:49:24 INFO  XmlRegister:22 - СЃРѕР·РґР°РЅ NoticeThread
2018-12-03 16:49:24 INFO  XmlRegister:33 - NoticeThread СЃС‚Р°СЂС‚СѓРµС‚ 
2018-12-03 16:49:30 INFO  XmlRegister:44 - Р—Р°РїСЂРѕСЃ СЃ РєРѕРґРѕРј 2
2018-12-03 16:49:34 INFO  XmlRegister:44 - Р—Р°РїСЂРѕСЃ СЃ РєРѕРґРѕРј 3
2018-12-03 16:49:37 INFO  XmlRegister:67 - Р—Р°РїСЂРѕСЃ РЅР° СѓРґР°Р»РµРЅРёРµ Р·Р°РґР°С‡Рё 23
2018-12-03 16:52:45 INFO  XmlRegister:21 - РЎРѕР·РґР°РЅ handler
2018-12-03 16:52:45 INFO  XmlRegister:29 - РЅРѕРІР°СЏ Р·Р°РґР°С‡Р° РґР»СЏ СѓРІРµРґРѕРјР»РµРЅРёСЏ СѓСЃС‚Р°РЅРѕРІР»РµРЅР°
2018-12-03 16:52:45 INFO  XmlRegister:22 - СЃРѕР·РґР°РЅ NoticeThread
2018-12-03 16:52:45 INFO  XmlRegister:33 - NoticeThread СЃС‚Р°СЂС‚СѓРµС‚ 
2018-12-03 16:52:48 INFO  XmlRegister:44 - Р—Р°РїСЂРѕСЃ СЃ РєРѕРґРѕРј 3
2018-12-03 16:52:52 INFO  XmlRegister:67 - Р—Р°РїСЂРѕСЃ РЅР° СѓРґР°Р»РµРЅРёРµ Р·Р°РґР°С‡Рё 23
2018-12-03 16:52:52 INFO  XmlRegister:60 - СѓРґР°Р»РµРЅР° Р·Р°РґР°С‡Р° 23
2018-12-03 16:52:52 ERROR XmlRegister:72 - РЈРґР°Р»СЏРµРј РґР°С‚Сѓ РёР· СѓРІРµРґРѕРјР»РµРЅРёСЏ 
2018-12-03 16:52:52 INFO  XmlRegister:22 - СЃРѕР·РґР°РЅ NoticeThread
2018-12-03 16:52:52 ERROR XmlRegister:36 - РџСѓСЃС‚Р°СЏ СЃСЃС‹Р»РєР° РІРјРµСЃС‚Рѕ Р°РєС‚СѓР°Р»СЊРЅРѕР№ Р·Р°РґР°С‡Рё
2018-12-03 16:52:52 INFO  XmlRegister:37 - NoticeThread РЅРµ СЃС‚Р°СЂС‚СѓРµС‚
2018-12-03 16:52:52 ERROR XmlRegister:68 - Р·Р°РІРµСЂС€РµРЅРёРµ РїРѕС‚РѕРєР° РІРѕ РІСЂРµРјСЏ РµРіРѕ СЂР°Р±РѕС‚С‹ 
2018-12-03 16:52:52 INFO  XmlRegister:40 - СѓРІРµРґРѕРјР»РµРЅРёРµ Р·Р°РІРµСЂС€РµРЅРѕ РЅРµС€С‚Р°С‚РЅРѕ
2018-12-03 16:52:52 INFO  XmlRegister:50 - РїРѕС‚РѕРє Р·Р°РІРµСЂС€Р°РµС‚СЃСЏ
2018-12-03 16:52:56 INFO  XmlRegister:44 - Р—Р°РїСЂРѕСЃ СЃ РєРѕРґРѕРј 2
2018-12-03 23:01:28 INFO  XmlRegister:21 - РЎРѕР·РґР°РЅ handler
2018-12-03 23:01:28 INFO  XmlRegister:53 - СЃРїРёСЃРѕРє Р·Р°РґР°С‡ РѕС‚СЃРѕСЂС‚РёСЂРѕРІР°РЅ
2018-12-03 23:01:28 INFO  XmlRegister:61 - РЅРµС‚ РїРѕРґС…РѕРґСЏС‰РµР№ РґР»СЏ NoticeThread Р·Р°РґР°С‡Рё
2018-12-03 23:01:28 INFO  XmlRegister:22 - СЃРѕР·РґР°РЅ NoticeThread
2018-12-03 23:01:28 ERROR XmlRegister:36 - РџСѓСЃС‚Р°СЏ СЃСЃС‹Р»РєР° РІРјРµСЃС‚Рѕ Р°РєС‚СѓР°Р»СЊРЅРѕР№ Р·Р°РґР°С‡Рё
2018-12-03 23:01:28 INFO  XmlRegister:37 - NoticeThread РЅРµ СЃС‚Р°СЂС‚СѓРµС‚
2018-12-03 23:01:33 INFO  XmlRegister:44 - Р—Р°РїСЂРѕСЃ СЃ РєРѕРґРѕРј 0
2018-12-03 23:01:33 ERROR XmlRegister:81 - Р—Р°РІРµСЂС€РµРЅРёРµ СЂР°Р±РѕС‚С‹ РїСЂРёР»РѕР¶РµРЅРёСЏ
2018-12-03 23:03:17 INFO  XmlRegister:22 - РЎРѕР·РґР°РЅ handler
2018-12-03 23:03:17 INFO  XmlRegister:53 - СЃРїРёСЃРѕРє Р·Р°РґР°С‡ РѕС‚СЃРѕСЂС‚РёСЂРѕРІР°РЅ
2018-12-03 23:03:17 INFO  XmlRegister:61 - РЅРµС‚ РїРѕРґС…РѕРґСЏС‰РµР№ РґР»СЏ NoticeThread Р·Р°РґР°С‡Рё
2018-12-03 23:03:17 INFO  XmlRegister:23 - СЃРѕР·РґР°РЅ NoticeThread
2018-12-03 23:03:17 ERROR XmlRegister:37 - РџСѓСЃС‚Р°СЏ СЃСЃС‹Р»РєР° РІРјРµСЃС‚Рѕ Р°РєС‚СѓР°Р»СЊРЅРѕР№ Р·Р°РґР°С‡Рё
2018-12-03 23:03:17 INFO  XmlRegister:38 - NoticeThread РЅРµ СЃС‚Р°СЂС‚СѓРµС‚
2018-12-03 23:03:21 INFO  XmlRegister:45 - Р—Р°РїСЂРѕСЃ СЃ РєРѕРґРѕРј 2
2018-12-03 23:03:23 INFO  XmlRegister:45 - Р—Р°РїСЂРѕСЃ СЃ РєРѕРґРѕРј 1
2018-12-03 23:03:53 INFO  XmlRegister:49 - РџРѕР»СѓС‡РµРЅР° Р·Р°РґР°С‡Р° 7 wwwwww
2018-12-03 23:03:53 INFO  XmlRegister:54 - Р”Р°С‚Р° СѓРІРµРґРѕРјР»РµРЅРёСЏ РёР·РјРµРЅРµРЅР° 
2018-12-03 23:03:53 INFO  XmlRegister:30 - РЅРѕРІР°СЏ Р·Р°РґР°С‡Р° РґР»СЏ СѓРІРµРґРѕРјР»РµРЅРёСЏ СѓСЃС‚Р°РЅРѕРІР»РµРЅР°
2018-12-03 23:03:53 INFO  XmlRegister:23 - СЃРѕР·РґР°РЅ NoticeThread
2018-12-03 23:03:53 INFO  XmlRegister:34 - NoticeThread СЃС‚Р°СЂС‚СѓРµС‚ 
2018-12-03 23:03:53 INFO  XmlRegister:32 - РІ СЃРїРёСЃРѕРє Р·Р°РґР°С‡ РґРѕР±Р°РІР»РµРЅР° 7
2018-12-03 23:03:55 INFO  XmlRegister:45 - Р—Р°РїСЂРѕСЃ СЃ РєРѕРґРѕРј 2
2018-12-03 23:03:58 INFO  XmlRegister:45 - Р—Р°РїСЂРѕСЃ СЃ РєРѕРґРѕРј 0
2018-12-03 23:03:58 ERROR XmlRegister:82 - Р—Р°РІРµСЂС€РµРЅРёРµ СЂР°Р±РѕС‚С‹ РїСЂРёР»РѕР¶РµРЅРёСЏ
2018-12-03 23:22:44 INFO  XmlRegister:22 - РЎРѕР·РґР°РЅ handler
2018-12-03 23:22:44 INFO  XmlRegister:53 - СЃРїРёСЃРѕРє Р·Р°РґР°С‡ РѕС‚СЃРѕСЂС‚РёСЂРѕРІР°РЅ
2018-12-03 23:22:44 INFO  XmlRegister:57 - РЅР°Р№РґРµРЅР° РїРѕРґС…РѕРґСЏС‰Р°СЏ Р·Р°РґР°С‡Р°
2018-12-03 23:22:44 INFO  XmlRegister:30 - РЅРѕРІР°СЏ Р·Р°РґР°С‡Р° РґР»СЏ СѓРІРµРґРѕРјР»РµРЅРёСЏ СѓСЃС‚Р°РЅРѕРІР»РµРЅР°
2018-12-03 23:22:44 INFO  XmlRegister:23 - СЃРѕР·РґР°РЅ NoticeThread
2018-12-03 23:22:44 INFO  XmlRegister:34 - NoticeThread СЃС‚Р°СЂС‚СѓРµС‚ 
2018-12-03 23:34:09 INFO  XmlRegister:45 - Р—Р°РїСЂРѕСЃ СЃ РєРѕРґРѕРј 2
2018-12-03 23:34:20 INFO  XmlRegister:45 - Р—Р°РїСЂРѕСЃ СЃ РєРѕРґРѕРј 1
2018-12-03 23:34:51 INFO  XmlRegister:49 - РџРѕР»СѓС‡РµРЅР° Р·Р°РґР°С‡Р° 8 qqqqqqq
2018-12-03 23:34:51 INFO  XmlRegister:32 - РІ СЃРїРёСЃРѕРє Р·Р°РґР°С‡ РґРѕР±Р°РІР»РµРЅР° 8
2018-12-03 23:34:54 INFO  XmlRegister:45 - Р—Р°РїСЂРѕСЃ СЃ РєРѕРґРѕРј 2
2018-12-03 23:35:25 INFO  XmlRegister:45 - Р—Р°РїСЂРѕСЃ СЃ РєРѕРґРѕРј 1
2018-12-03 23:36:37 INFO  XmlRegister:49 - РџРѕР»СѓС‡РµРЅР° Р·Р°РґР°С‡Р° 9 2018-12-04
2018-12-03 23:36:37 INFO  XmlRegister:32 - РІ СЃРїРёСЃРѕРє Р·Р°РґР°С‡ РґРѕР±Р°РІР»РµРЅР° 9
2018-12-03 23:36:43 INFO  XmlRegister:45 - Р—Р°РїСЂРѕСЃ СЃ РєРѕРґРѕРј 1
2018-12-03 23:37:34 INFO  XmlRegister:49 - РџРѕР»СѓС‡РµРЅР° Р·Р°РґР°С‡Р° 10 rrrrrrrr
2018-12-03 23:37:34 INFO  XmlRegister:32 - РІ СЃРїРёСЃРѕРє Р·Р°РґР°С‡ РґРѕР±Р°РІР»РµРЅР° 10
2018-12-03 23:37:36 INFO  XmlRegister:45 - Р—Р°РїСЂРѕСЃ СЃ РєРѕРґРѕРј 2
2018-12-03 23:38:07 INFO  XmlRegister:45 - Р—Р°РїСЂРѕСЃ СЃ РєРѕРґРѕРј 3
2018-12-03 23:38:09 INFO  XmlRegister:68 - Р—Р°РїСЂРѕСЃ РЅР° СѓРґР°Р»РµРЅРёРµ Р·Р°РґР°С‡Рё 9
2018-12-03 23:38:09 INFO  XmlRegister:40 - РёР· СЃРїРёСЃРєР° Р·Р°РґР°С‡ СѓРґР°Р»РµРЅР° 9
2018-12-03 23:38:12 INFO  XmlRegister:45 - Р—Р°РїСЂРѕСЃ СЃ РєРѕРґРѕРј 2
2018-12-03 23:38:21 INFO  XmlRegister:45 - Р—Р°РїСЂРѕСЃ СЃ РєРѕРґРѕРј 0
2018-12-03 23:38:21 ERROR XmlRegister:82 - Р—Р°РІРµСЂС€РµРЅРёРµ СЂР°Р±РѕС‚С‹ РїСЂРёР»РѕР¶РµРЅРёСЏ
2018-12-04 00:07:32 INFO  XmlRegister:22 - РЎРѕР·РґР°РЅ handler
2018-12-04 00:07:32 INFO  XmlRegister:53 - СЃРїРёСЃРѕРє Р·Р°РґР°С‡ РѕС‚СЃРѕСЂС‚РёСЂРѕРІР°РЅ
2018-12-04 00:07:32 INFO  XmlRegister:57 - РЅР°Р№РґРµРЅР° РїРѕРґС…РѕРґСЏС‰Р°СЏ Р·Р°РґР°С‡Р°
2018-12-04 00:07:32 INFO  XmlRegister:30 - РЅРѕРІР°СЏ Р·Р°РґР°С‡Р° РґР»СЏ СѓРІРµРґРѕРјР»РµРЅРёСЏ СѓСЃС‚Р°РЅРѕРІР»РµРЅР°
2018-12-04 00:07:32 INFO  XmlRegister:23 - СЃРѕР·РґР°РЅ NoticeThread
2018-12-04 00:07:32 INFO  XmlRegister:34 - NoticeThread СЃС‚Р°СЂС‚СѓРµС‚ 
2018-12-04 00:40:30 INFO  XmlRegister:22 - РЎРѕР·РґР°РЅ handler
2018-12-04 00:40:30 INFO  XmlRegister:53 - СЃРїРёСЃРѕРє Р·Р°РґР°С‡ РѕС‚СЃРѕСЂС‚РёСЂРѕРІР°РЅ
2018-12-04 00:40:30 INFO  XmlRegister:57 - РЅР°Р№РґРµРЅР° РїРѕРґС…РѕРґСЏС‰Р°СЏ Р·Р°РґР°С‡Р°
2018-12-04 00:40:30 INFO  XmlRegister:30 - РЅРѕРІР°СЏ Р·Р°РґР°С‡Р° РґР»СЏ СѓРІРµРґРѕРјР»РµРЅРёСЏ СѓСЃС‚Р°РЅРѕРІР»РµРЅР°
2018-12-04 00:40:30 INFO  XmlRegister:23 - СЃРѕР·РґР°РЅ NoticeThread
2018-12-04 00:40:30 INFO  XmlRegister:34 - NoticeThread СЃС‚Р°СЂС‚СѓРµС‚ 
2018-12-04 00:41:03 INFO  XmlRegister:22 - РЎРѕР·РґР°РЅ handler
2018-12-04 00:41:03 INFO  XmlRegister:53 - СЃРїРёСЃРѕРє Р·Р°РґР°С‡ РѕС‚СЃРѕСЂС‚РёСЂРѕРІР°РЅ
2018-12-04 00:41:03 INFO  XmlRegister:57 - РЅР°Р№РґРµРЅР° РїРѕРґС…РѕРґСЏС‰Р°СЏ Р·Р°РґР°С‡Р°
2018-12-04 00:41:03 INFO  XmlRegister:30 - РЅРѕРІР°СЏ Р·Р°РґР°С‡Р° РґР»СЏ СѓРІРµРґРѕРјР»РµРЅРёСЏ СѓСЃС‚Р°РЅРѕРІР»РµРЅР°
2018-12-04 00:41:03 INFO  XmlRegister:23 - СЃРѕР·РґР°РЅ NoticeThread
2018-12-04 00:41:03 INFO  XmlRegister:34 - NoticeThread СЃС‚Р°СЂС‚СѓРµС‚ 
2018-12-04 00:44:02 INFO  XmlRegister:22 - РЎРѕР·РґР°РЅ handler
2018-12-04 00:44:02 INFO  XmlRegister:53 - СЃРїРёСЃРѕРє Р·Р°РґР°С‡ РѕС‚СЃРѕСЂС‚РёСЂРѕРІР°РЅ
2018-12-04 00:44:02 INFO  XmlRegister:57 - РЅР°Р№РґРµРЅР° РїРѕРґС…РѕРґСЏС‰Р°СЏ Р·Р°РґР°С‡Р°
2018-12-04 00:44:02 INFO  XmlRegister:30 - РЅРѕРІР°СЏ Р·Р°РґР°С‡Р° РґР»СЏ СѓРІРµРґРѕРјР»РµРЅРёСЏ СѓСЃС‚Р°РЅРѕРІР»РµРЅР°
2018-12-04 00:44:02 INFO  XmlRegister:23 - СЃРѕР·РґР°РЅ NoticeThread
2018-12-04 00:44:02 INFO  XmlRegister:34 - NoticeThread СЃС‚Р°СЂС‚СѓРµС‚ 
2018-12-04 01:17:52 FATAL XmlRegister:33 - РѕС€РёР±РєР° РїР°СЂСЃРёРЅРіР° xml
2018-12-04 01:17:52 ERROR XmlRegister:36 - РїСѓСЃС‚РѕР№ С„Р°Р№Р» 
2018-12-04 01:19:00 INFO  XmlRegister:22 - РЎРѕР·РґР°РЅ handler
2018-12-04 01:19:00 INFO  XmlRegister:82 - список задач отсортирован
2018-12-04 01:19:00 INFO  XmlRegister:90 - нет подходящей для NoticeThread задачи
2018-12-04 01:19:00 INFO  XmlRegister:23 - СЃРѕР·РґР°РЅ NoticeThread
2018-12-04 01:19:00 ERROR XmlRegister:37 - РџСѓСЃС‚Р°СЏ СЃСЃС‹Р»РєР° РІРјРµСЃС‚Рѕ Р°РєС‚СѓР°Р»СЊРЅРѕР№ Р·Р°РґР°С‡Рё
2018-12-04 01:19:00 INFO  XmlRegister:38 - NoticeThread РЅРµ СЃС‚Р°СЂС‚СѓРµС‚
2018-12-04 01:19:27 INFO  XmlRegister:22 - РЎРѕР·РґР°РЅ handler
2018-12-04 01:19:27 INFO  XmlRegister:82 - список задач отсортирован
2018-12-04 01:19:27 INFO  XmlRegister:90 - нет подходящей для NoticeThread задачи
2018-12-04 01:19:27 INFO  XmlRegister:23 - СЃРѕР·РґР°РЅ NoticeThread
2018-12-04 01:19:27 ERROR XmlRegister:37 - РџСѓСЃС‚Р°СЏ СЃСЃС‹Р»РєР° РІРјРµСЃС‚Рѕ Р°РєС‚СѓР°Р»СЊРЅРѕР№ Р·Р°РґР°С‡Рё
2018-12-04 01:19:27 INFO  XmlRegister:38 - NoticeThread РЅРµ СЃС‚Р°СЂС‚СѓРµС‚
2018-12-04 01:19:34 INFO  XmlRegister:45 - Р—Р°РїСЂРѕСЃ СЃ РєРѕРґРѕРј 1
2018-12-04 01:20:00 INFO  XmlRegister:49 - РџРѕР»СѓС‡РµРЅР° Р·Р°РґР°С‡Р° 12 ser obj
2018-12-04 01:20:00 INFO  XmlRegister:54 - Р”Р°С‚Р° СѓРІРµРґРѕРјР»РµРЅРёСЏ РёР·РјРµРЅРµРЅР° 
2018-12-04 01:20:00 INFO  XmlRegister:30 - РЅРѕРІР°СЏ Р·Р°РґР°С‡Р° РґР»СЏ СѓРІРµРґРѕРјР»РµРЅРёСЏ СѓСЃС‚Р°РЅРѕРІР»РµРЅР°
2018-12-04 01:20:00 INFO  XmlRegister:23 - СЃРѕР·РґР°РЅ NoticeThread
2018-12-04 01:20:00 INFO  XmlRegister:34 - NoticeThread СЃС‚Р°СЂС‚СѓРµС‚ 
2018-12-04 01:20:00 INFO  XmlRegister:61 - в список задач добавлена 12
2018-12-04 01:20:08 INFO  XmlRegister:45 - Р—Р°РїСЂРѕСЃ СЃ РєРѕРґРѕРј 2
2018-12-04 01:20:14 INFO  XmlRegister:45 - Р—Р°РїСЂРѕСЃ СЃ РєРѕРґРѕРј 0
2018-12-04 01:20:14 ERROR XmlRegister:82 - Р—Р°РІРµСЂС€РµРЅРёРµ СЂР°Р±РѕС‚С‹ РїСЂРёР»РѕР¶РµРЅРёСЏ
2018-12-04 01:46:03 INFO  XmlRegister:22 - РЎРѕР·РґР°РЅ handler
2018-12-04 01:46:03 INFO  XmlRegister:82 - список задач отсортирован
2018-12-04 01:46:03 INFO  XmlRegister:90 - нет подходящей для NoticeThread задачи
2018-12-04 01:46:03 INFO  XmlRegister:23 - СЃРѕР·РґР°РЅ NoticeThread
2018-12-04 01:46:03 ERROR XmlRegister:37 - РџСѓСЃС‚Р°СЏ СЃСЃС‹Р»РєР° РІРјРµСЃС‚Рѕ Р°РєС‚СѓР°Р»СЊРЅРѕР№ Р·Р°РґР°С‡Рё
2018-12-04 01:46:03 INFO  XmlRegister:38 - NoticeThread РЅРµ СЃС‚Р°СЂС‚СѓРµС‚
2018-12-04 01:46:06 INFO  XmlRegister:45 - Р—Р°РїСЂРѕСЃ СЃ РєРѕРґРѕРј 2
2018-12-04 01:48:59 INFO  XmlRegister:22 - РЎРѕР·РґР°РЅ handler
2018-12-04 01:48:59 INFO  XmlRegister:82 - список задач отсортирован
2018-12-04 01:48:59 INFO  XmlRegister:90 - нет подходящей для NoticeThread задачи
2018-12-04 01:48:59 INFO  XmlRegister:23 - СЃРѕР·РґР°РЅ NoticeThread
2018-12-04 01:48:59 ERROR XmlRegister:37 - РџСѓСЃС‚Р°СЏ СЃСЃС‹Р»РєР° РІРјРµСЃС‚Рѕ Р°РєС‚СѓР°Р»СЊРЅРѕР№ Р·Р°РґР°С‡Рё
2018-12-04 01:48:59 INFO  XmlRegister:38 - NoticeThread РЅРµ СЃС‚Р°СЂС‚СѓРµС‚
2018-12-04 01:50:32 INFO  XmlRegister:22 - РЎРѕР·РґР°РЅ handler
2018-12-04 01:50:32 INFO  XmlRegister:82 - список задач отсортирован
2018-12-04 01:50:32 INFO  XmlRegister:90 - нет подходящей для NoticeThread задачи
2018-12-04 01:50:32 INFO  XmlRegister:23 - СЃРѕР·РґР°РЅ NoticeThread
2018-12-04 01:50:32 ERROR XmlRegister:37 - РџСѓСЃС‚Р°СЏ СЃСЃС‹Р»РєР° РІРјРµСЃС‚Рѕ Р°РєС‚СѓР°Р»СЊРЅРѕР№ Р·Р°РґР°С‡Рё
2018-12-04 01:50:32 INFO  XmlRegister:38 - NoticeThread РЅРµ СЃС‚Р°СЂС‚СѓРµС‚
2018-12-04 01:53:15 INFO  XmlRegister:22 - РЎРѕР·РґР°РЅ handler
2018-12-04 01:53:15 INFO  XmlRegister:82 - список задач отсортирован
2018-12-04 01:53:15 INFO  XmlRegister:90 - нет подходящей для NoticeThread задачи
2018-12-04 01:53:15 INFO  XmlRegister:23 - СЃРѕР·РґР°РЅ NoticeThread
2018-12-04 01:53:15 ERROR XmlRegister:37 - РџСѓСЃС‚Р°СЏ СЃСЃС‹Р»РєР° РІРјРµСЃС‚Рѕ Р°РєС‚СѓР°Р»СЊРЅРѕР№ Р·Р°РґР°С‡Рё
2018-12-04 01:53:15 INFO  XmlRegister:38 - NoticeThread РЅРµ СЃС‚Р°СЂС‚СѓРµС‚
2018-12-04 01:53:38 INFO  XmlRegister:22 - РЎРѕР·РґР°РЅ handler
2018-12-04 01:53:38 INFO  XmlRegister:82 - список задач отсортирован
2018-12-04 01:53:38 INFO  XmlRegister:90 - нет подходящей для NoticeThread задачи
2018-12-04 01:53:38 INFO  XmlRegister:23 - СЃРѕР·РґР°РЅ NoticeThread
2018-12-04 01:53:38 ERROR XmlRegister:37 - РџСѓСЃС‚Р°СЏ СЃСЃС‹Р»РєР° РІРјРµСЃС‚Рѕ Р°РєС‚СѓР°Р»СЊРЅРѕР№ Р·Р°РґР°С‡Рё
2018-12-04 01:53:38 INFO  XmlRegister:38 - NoticeThread РЅРµ СЃС‚Р°СЂС‚СѓРµС‚
2018-12-04 01:53:58 INFO  XmlRegister:22 - РЎРѕР·РґР°РЅ handler
2018-12-04 01:53:58 INFO  XmlRegister:82 - список задач отсортирован
2018-12-04 01:53:58 INFO  XmlRegister:90 - нет подходящей для NoticeThread задачи
2018-12-04 01:53:58 INFO  XmlRegister:23 - СЃРѕР·РґР°РЅ NoticeThread
2018-12-04 01:53:58 ERROR XmlRegister:37 - РџСѓСЃС‚Р°СЏ СЃСЃС‹Р»РєР° РІРјРµСЃС‚Рѕ Р°РєС‚СѓР°Р»СЊРЅРѕР№ Р·Р°РґР°С‡Рё
2018-12-04 01:53:58 INFO  XmlRegister:38 - NoticeThread РЅРµ СЃС‚Р°СЂС‚СѓРµС‚
2018-12-04 02:15:17 ERROR XmlRegister:34 - пустой файл 
2018-12-04 02:18:34 ERROR XmlRegister:34 - пустой файл 
2018-12-04 10:28:03 ERROR XmlRegister:34 - пустой файл 
2018-12-04 10:32:55 ERROR XmlRegister:34 - пустой файл 
2018-12-04 10:36:02 ERROR XmlRegister:34 - пустой файл 
2018-12-04 10:59:58 INFO  XmlRegister:22 - РЎРѕР·РґР°РЅ handler
2018-12-04 10:59:58 INFO  XmlRegister:82 - список задач отсортирован
2018-12-04 10:59:58 INFO  XmlRegister:90 - нет подходящей для NoticeThread задачи
2018-12-04 10:59:58 INFO  XmlRegister:23 - СЃРѕР·РґР°РЅ NoticeThread
2018-12-04 10:59:58 ERROR XmlRegister:37 - РџСѓСЃС‚Р°СЏ СЃСЃС‹Р»РєР° РІРјРµСЃС‚Рѕ Р°РєС‚СѓР°Р»СЊРЅРѕР№ Р·Р°РґР°С‡Рё
2018-12-04 10:59:58 INFO  XmlRegister:38 - NoticeThread РЅРµ СЃС‚Р°СЂС‚СѓРµС‚
2018-12-04 11:00:00 INFO  XmlRegister:45 - Р—Р°РїСЂРѕСЃ СЃ РєРѕРґРѕРј 2
2018-12-04 11:00:17 INFO  XmlRegister:45 - Р—Р°РїСЂРѕСЃ СЃ РєРѕРґРѕРј 1
2018-12-04 11:00:44 INFO  XmlRegister:49 - РџРѕР»СѓС‡РµРЅР° Р·Р°РґР°С‡Р° 35 rrrrr
2018-12-04 11:00:44 INFO  XmlRegister:54 - Р”Р°С‚Р° СѓРІРµРґРѕРјР»РµРЅРёСЏ РёР·РјРµРЅРµРЅР° 
2018-12-04 11:00:44 INFO  XmlRegister:30 - РЅРѕРІР°СЏ Р·Р°РґР°С‡Р° РґР»СЏ СѓРІРµРґРѕРјР»РµРЅРёСЏ СѓСЃС‚Р°РЅРѕРІР»РµРЅР°
2018-12-04 11:00:44 INFO  XmlRegister:23 - СЃРѕР·РґР°РЅ NoticeThread
2018-12-04 11:00:44 INFO  XmlRegister:34 - NoticeThread СЃС‚Р°СЂС‚СѓРµС‚ 
2018-12-04 11:00:44 INFO  XmlRegister:61 - в список задач добавлена 35
2018-12-04 11:00:51 INFO  XmlRegister:45 - Р—Р°РїСЂРѕСЃ СЃ РєРѕРґРѕРј 0
2018-12-04 11:00:51 ERROR XmlRegister:82 - Р—Р°РІРµСЂС€РµРЅРёРµ СЂР°Р±РѕС‚С‹ РїСЂРёР»РѕР¶РµРЅРёСЏ
2018-12-04 11:00:57 INFO  XmlRegister:22 - РЎРѕР·РґР°РЅ handler
2018-12-04 11:00:57 INFO  XmlRegister:82 - список задач отсортирован
2018-12-04 11:00:57 INFO  XmlRegister:86 - найдена подходящая задача
2018-12-04 11:00:57 INFO  XmlRegister:30 - РЅРѕРІР°СЏ Р·Р°РґР°С‡Р° РґР»СЏ СѓРІРµРґРѕРјР»РµРЅРёСЏ СѓСЃС‚Р°РЅРѕРІР»РµРЅР°
2018-12-04 11:00:57 INFO  XmlRegister:23 - СЃРѕР·РґР°РЅ NoticeThread
2018-12-04 11:00:57 INFO  XmlRegister:34 - NoticeThread СЃС‚Р°СЂС‚СѓРµС‚ 
2018-12-04 11:01:00 INFO  XmlRegister:45 - Р—Р°РїСЂРѕСЃ СЃ РєРѕРґРѕРј 2
2018-12-04 11:01:06 INFO  XmlRegister:45 - Р—Р°РїСЂРѕСЃ СЃ РєРѕРґРѕРј 3
2018-12-04 11:01:10 INFO  XmlRegister:68 - Р—Р°РїСЂРѕСЃ РЅР° СѓРґР°Р»РµРЅРёРµ Р·Р°РґР°С‡Рё 34
2018-12-04 11:01:10 INFO  XmlRegister:69 - из списка задач удалена 34
2018-12-04 11:01:13 INFO  XmlRegister:45 - Р—Р°РїСЂРѕСЃ СЃ РєРѕРґРѕРј 2
2018-12-04 11:01:15 INFO  XmlRegister:45 - Р—Р°РїСЂРѕСЃ СЃ РєРѕРґРѕРј 3
2018-12-04 11:01:17 INFO  XmlRegister:68 - Р—Р°РїСЂРѕСЃ РЅР° СѓРґР°Р»РµРЅРёРµ Р·Р°РґР°С‡Рё 23
2018-12-04 11:01:17 INFO  XmlRegister:69 - из списка задач удалена 23
2018-12-04 11:01:21 INFO  XmlRegister:45 - Р—Р°РїСЂРѕСЃ СЃ РєРѕРґРѕРј 2
2018-12-04 11:02:01 INFO  XmlRegister:45 - Р—Р°РїСЂРѕСЃ СЃ РєРѕРґРѕРј 0
2018-12-04 11:02:01 ERROR XmlRegister:82 - Р—Р°РІРµСЂС€РµРЅРёРµ СЂР°Р±РѕС‚С‹ РїСЂРёР»РѕР¶РµРЅРёСЏ
